Arguments: 
  /snap/node/8649/bin/node /snap/node/8649/bin/yarn.js add puppeteer

PATH: 
  /home/naouaichia/.cargo/bin:/home/naouaichia/jdk-21/bin:/bin:/usr/local/sbin:/usr/local/bin:/usr/sbin:/usr/bin:/sbin:/bin:/usr/games:/usr/local/games:/snap/bin:/usr/include:/home/naouaichia/go/bin:/opt/riscv/bin:/opt/riscv32/bin

Yarn version: 
  1.22.19

Node version: 
  20.13.1

Platform: 
  linux x64

Trace: 
  Error: EACCES: permission denied, mkdir '/home/naouaichia/Workspace/PERSO/cex-osinter/node_modules/agent-base'

npm manifest: 
  {
    "name": "cex-osinter",
    "version": "1.0.0",
    "description": "cex registration searcher",
    "main": "index.js",
    "scripts": {
      "test": "echo \"Error: no test specified\" && exit 1"
    },
    "repository": {
      "type": "git",
      "url": "github.com:korgrunt/cex-osinter.git"
    },
    "author": "",
    "license": "ISC",
    "dependencies": {
      "prompt-sync": "^4.2.0",
      "readline": "^1.3.0"
    }
  }

yarn manifest: 
  No manifest

Lockfile: 
  No lockfile
